[debug] [2021-11-13T14:54:39.406Z] ----------------------------------------------------------------------
[debug] [2021-11-13T14:54:39.410Z] Command:       C:\Program Files\nodejs\node.exe C:\Users\ADMIN\AppData\Roaming\npm\node_modules\firebase-tools\lib\bin\firebase.js deploy
[debug] [2021-11-13T14:54:39.411Z] CLI Version:   9.22.0
[debug] [2021-11-13T14:54:39.411Z] Platform:      win32
[debug] [2021-11-13T14:54:39.411Z] Node Version:  v13.14.0
[debug] [2021-11-13T14:54:39.416Z] Time:          Sat Nov 13 2021 20:54:39 GMT+0600 (Bangladesh Standard Time)
[debug] [2021-11-13T14:54:39.416Z] ----------------------------------------------------------------------
[debug] 
[debug] [2021-11-13T14:54:39.554Z] > command requires scopes: ["email","openid","https://www.googleapis.com/auth/cloudplatformprojects.readonly","https://www.googleapis.com/auth/firebase","https://www.googleapis.com/auth/cloud-platform"]
[debug] [2021-11-13T14:54:39.555Z] > authorizing via signed-in user (joydey.bd.2002@gmail.com)
[debug] [2021-11-13T14:54:39.555Z] [iam] checking project dronegenix-react for permissions ["firebase.projects.get","firebasehosting.sites.update"]
[debug] [2021-11-13T14:54:39.559Z] > refreshing access token with scopes: ["email","https://www.googleapis.com/auth/cloud-platform","https://www.googleapis.com/auth/cloudplatformprojects.readonly","https://www.googleapis.com/auth/firebase","openid"]
[debug] [2021-11-13T14:54:39.559Z] >>> HTTP REQUEST POST https://www.googleapis.com/oauth2/v3/token  
 <request body omitted>
[debug] [2021-11-13T14:54:39.880Z] <<< HTTP RESPONSE 200 {"date":"Sat, 13 Nov 2021 14:54:41 GMT","expires":"Mon, 01 Jan 1990 00:00:00 GMT","cache-control":"no-cache, no-store, max-age=0, must-revalidate","pragma":"no-cache","content-type":"application/json; charset=utf-8","vary":"X-Origin, Referer, Origin,Accept-Encoding","server":"scaffolding on HTTPServer2","x-xss-protection":"0","x-frame-options":"SAMEORIGIN","x-content-type-options":"nosniff","alt-svc":"clear","accept-ranges":"none","transfer-encoding":"chunked"}
[debug] [2021-11-13T14:54:39.897Z] >>> HTTP REQUEST POST https://cloudresourcemanager.googleapis.com/v1/projects/dronegenix-react:testIamPermissions  
 {"permissions":["firebase.projects.get","firebasehosting.sites.update"]}
[debug] [2021-11-13T14:54:41.325Z] <<< HTTP RESPONSE 200 {"content-type":"application/json; charset=UTF-8","vary":"X-Origin, Referer, Origin,Accept-Encoding","date":"Sat, 13 Nov 2021 14:54:42 GMT","server":"ESF","cache-control":"private","x-xss-protection":"0","x-frame-options":"SAMEORIGIN","x-content-type-options":"nosniff","server-timing":"gfet4t7; dur=1185","alt-svc":"clear","accept-ranges":"none","transfer-encoding":"chunked"}
[debug] [2021-11-13T14:54:41.327Z] > refreshing access token with scopes: []
[debug] [2021-11-13T14:54:41.328Z] >>> HTTP REQUEST POST https://www.googleapis.com/oauth2/v3/token  
 <request body omitted>
[debug] [2021-11-13T14:54:41.550Z] <<< HTTP RESPONSE 200 {"expires":"Mon, 01 Jan 1990 00:00:00 GMT","cache-control":"no-cache, no-store, max-age=0, must-revalidate","date":"Sat, 13 Nov 2021 14:54:43 GMT","pragma":"no-cache","content-type":"application/json; charset=utf-8","vary":"X-Origin, Referer, Origin,Accept-Encoding","server":"scaffolding on HTTPServer2","x-xss-protection":"0","x-frame-options":"SAMEORIGIN","x-content-type-options":"nosniff","alt-svc":"clear","accept-ranges":"none","transfer-encoding":"chunked"}
[debug] [2021-11-13T14:54:41.583Z] >>> [apiv2][query] GET https://firebase.googleapis.com/v1beta1/projects/dronegenix-react [none]
[debug] [2021-11-13T14:54:42.239Z] <<< [apiv2][status] GET https://firebase.googleapis.com/v1beta1/projects/dronegenix-react 200
[debug] [2021-11-13T14:54:42.241Z] <<< [apiv2][body] GET https://firebase.googleapis.com/v1beta1/projects/dronegenix-react {"projectId":"dronegenix-react","projectNumber":"247928826358","displayName":"Dronegenix","name":"projects/dronegenix-react","resources":{"hostingSite":"dronegenix-react"},"state":"ACTIVE"}
[info] 
[info] === Deploying to 'dronegenix-react'...
[info] 
[info] i  deploying hosting 
[debug] [2021-11-13T14:54:42.270Z] > refreshing access token with scopes: ["email","https://www.googleapis.com/auth/cloud-platform","https://www.googleapis.com/auth/cloudplatformprojects.readonly","https://www.googleapis.com/auth/firebase","openid"]
[debug] [2021-11-13T14:54:42.271Z] >>> HTTP REQUEST POST https://www.googleapis.com/oauth2/v3/token  
 <request body omitted>
[debug] [2021-11-13T14:54:42.494Z] <<< HTTP RESPONSE 200 {"expires":"Mon, 01 Jan 1990 00:00:00 GMT","cache-control":"no-cache, no-store, max-age=0, must-revalidate","date":"Sat, 13 Nov 2021 14:54:44 GMT","pragma":"no-cache","content-type":"application/json; charset=utf-8","vary":"X-Origin, Referer, Origin,Accept-Encoding","server":"scaffolding on HTTPServer2","x-xss-protection":"0","x-frame-options":"SAMEORIGIN","x-content-type-options":"nosniff","alt-svc":"clear","accept-ranges":"none","transfer-encoding":"chunked"}
[debug] [2021-11-13T14:54:42.599Z] >>> HTTP REQUEST POST https://firebasehosting.googleapis.com/v1beta1/sites/dronegenix-react/versions  
 {"config":{"rewrites":[{"glob":"**","path":"/index.html"}]},"labels":{"deployment-tool":"cli-firebase"}}
[debug] [2021-11-13T14:54:44.761Z] <<< HTTP RESPONSE 200 {"content-type":"application/json; charset=UTF-8","vary":"X-Origin, Referer, Origin,Accept-Encoding","date":"Sat, 13 Nov 2021 14:54:46 GMT","server":"ESF","cache-control":"private","x-xss-protection":"0","x-frame-options":"SAMEORIGIN","x-content-type-options":"nosniff","alt-svc":"clear","accept-ranges":"none","transfer-encoding":"chunked"}
[info] i  hosting[dronegenix-react]: beginning deploy... 
[info] i  hosting[dronegenix-react]: found 25 files in build 
[debug] [2021-11-13T14:54:44.792Z] [hosting] hash cache [YnVpbGQ] not populated
[debug] [2021-11-13T14:54:45.567Z] > refreshing access token with scopes: []
[debug] [2021-11-13T14:54:45.568Z] >>> HTTP REQUEST POST https://www.googleapis.com/oauth2/v3/token  
 <request body omitted>
[debug] [2021-11-13T14:54:45.573Z] [hosting] hash cache [YnVpbGQ] stored for 25 files
[debug] [2021-11-13T14:54:45.573Z] [hosting][hash queue][FINAL] {"max":762,"min":42,"avg":87,"active":0,"complete":25,"success":25,"errored":0,"retried":0,"total":25,"elapsed":780}
[debug] [2021-11-13T14:54:45.903Z] <<< HTTP RESPONSE 200 {"date":"Sat, 13 Nov 2021 14:54:47 GMT","cache-control":"no-cache, no-store, max-age=0, must-revalidate","pragma":"no-cache","expires":"Mon, 01 Jan 1990 00:00:00 GMT","content-type":"application/json; charset=utf-8","vary":"X-Origin, Referer, Origin,Accept-Encoding","server":"scaffolding on HTTPServer2","x-xss-protection":"0","x-frame-options":"SAMEORIGIN","x-content-type-options":"nosniff","alt-svc":"clear","accept-ranges":"none","transfer-encoding":"chunked"}
[debug] [2021-11-13T14:54:45.919Z] >>> [apiv2][query] POST https://firebasehosting.googleapis.com/v1beta1/sites/dronegenix-react/versions/605f1c0c65212253:populateFiles [none]
[debug] [2021-11-13T14:54:45.919Z] >>> [apiv2][body] POST https://firebasehosting.googleapis.com/v1beta1/sites/dronegenix-react/versions/605f1c0c65212253:populateFiles {"files":{"/asset-manifest.json":"65794b06f8030f67c0326a00fbd98de786aefcdbc129f02b2d08b821ac2dfa28","/droneData.js":"57d2a5a1e4cd0370ab2469572f4f1050b20146df69ca353ac32592328b16b9e4","/index.html":"c12f3c93b16721e04d4727987c7bc073301bb0d7e3615c6ae85a8618d15691b6","/favicon.ico":"eae62e993eb980ec8a25058c39d5a51feab118bd2100c4deebb2a9c158ec11f9","/logo192.png":"3ee59515172ee198f3be375979df15ac5345183e656720a381b8872b2a39dc8b","/logo512.png":"ee7e2f3fdb8209c4b6fd7bef6ba50d1b9dba30a25bb5c3126df057e1cb6f5331","/manifest.json":"aff3449bdc238776f5d6d967f19ec491b36aed5fb7f23ccff6500736fd58494a","/robots.txt":"bfe106a3fb878dc83461c86818bf74fc1bdc7f28538ba613cd3e775516ce8b49","/reviewData.js":"86257ea90bf6aba3c7551c0fa9c50766c646f8e205a02ba46f468c2c2f292ec2","/static/css/main.0eeb51fc.chunk.css.map":"a75336fe580ff580525f70ff2e1933cb6ac172a169bff2ba2716f89c7e328887","/static/css/main.0eeb51fc.chunk.css":"3ba1e4d3b89b86c215153d44c9784917a1f379306eee5fbbe9f10031e31352d5","/static/js/2.c0d03643.chunk.js.LICENSE.txt":"5b0f7bc56eb3fcbb6aba6b6b1864ad22f6c414a0ae823deb9b65d6e680084e5d","/static/js/3.c3f24378.chunk.js":"e5b93f1e8e82e56250fb34a97f002252d3dc194073f683ef6882324097dbe641","/static/js/3.c3f24378.chunk.js.map":"377c8bb3feba80e382f63b3bf5fe531417b02ec83f3adbc7dad47e042641deac","/static/js/main.a90d1c35.chunk.js":"a2cc6f5f71d45c23dc718fe99bc041c11c17b1eb950528d50059ce927bc9b87a","/static/js/runtime-main.aee11fbd.js":"599cf83d5dc73a394d2ff270849b123b44d0e7fb2deba6e2ef8b34a0f0d33bec","/static/js/runtime-main.aee11fbd.js.map":"cb69050678b27bf23c47cacc2aaba2937e97e72b75ad446362b2fcd43cf2629d","/static/media/admin.ec6be083.svg":"d2b325c40b25114b9fb6e4ee730cd2a6c1df223dfd75068f3b64b8ac218553b2","/static/media/login.4fe62321.svg":"09797ea8824a078b45e49b480d8ea2646ad51f2373816b360852f1071a0538fb","/static/media/drone10.5c0d9a0b.jpg":"167084e4e2556c3e32ed1a124994d03787387ef23f143bdcba167369bcaa6060","/static/media/drone5.02e60266.jpg":"eabe24f530f97898fb1fb080366de7b54f1dcf7e1c221cb8dfcf388b794125f7","/static/media/drone9.384f31cd.jpg":"8f9aa25f1dbf88f07d18bce71b1c68a0559b22f31293ced07be34bd4b5313c04","/static/js/main.a90d1c35.chunk.js.map":"936161c468aef8d882098f954b5020d4b59fefd5aa8bb9c98bb7090be0bf2759","/static/js/2.c0d03643.chunk.js":"0426f6fddd0c0fb2bca8741c9a654d5ec81ac1470759f727f6c3a1491ff209ad","/static/js/2.c0d03643.chunk.js.map":"f7df7516f236efd31d5b8bb6ed6c3bc253dfdbf8b817482a6a4018c0f464f0e2"}}
